166
2 28 496
2 35 493
2 93 491
2 97 489
2 190 488
2 196 487
2 197 485
2 252 483
2 286 481
2 333 480
2 369 479
2 420 478
2 423 477
2 441 476
2 12 4
2 33 9
2 47 77
2 165 42
2 300 94
2 326 62
2 482 37
2 1 112
2 14 359
2 21 160
2 256 32
2 279 36
2 299 56
2 306 69
2 315 144
2 205 216
2 330 295
2 421 46
2 454 468
2 260 250
2 17 225
2 86 353
2 140 246
3 189 332 389
2 393 402
2 305 224
2 287 303
2 331 327
2 383 382
2 492 162
2 272 275
2 96 265
3 72 71 118
3 73 123 74
2 120 219
2 156 231
2 366 357
3 170 177 57
2 182 147
2 58 229
3 301 472 67
2 290 191
2 227 317
2 410 298
2 443 240
2 462 52
3 484 23 39
2 495 175
3 38 324 87
3 26 141 132
3 111 5 103
3 113 65 41
2 155 166
3 210 439 43
3 221 18 44
2 68 102
3 261 405 30
3 310 117 490
2 376 452
3 434 263 136
3 448 159 54
3 451 360 143
3 475 218 66
3 322 241 270
4 61 8 79 110
3 181 356 25
3 187 433 95
3 199 277 115
3 208 236 186
4 249 149 172 49
4 258 273 85 133
3 271 31 294
3 288 385 217
4 292 99 27 130
4 320 3 92 131
4 367 201 59 126
4 387 6 45 169
3 396 24 429
3 409 139 362
3 430 455 411
4 445 89 114 238
4 101 498 121 335
4 499 302 124 53
4 10 163 394 173
4 13 105 80 198
4 285 180 81 188
4 90 91 276 257
4 192 235 364 145
4 214 328 345 168
4 230 242 100 116
4 268 424 474 98
4 486 378 119 135
4 153 442 284 397
4 212 343 344 313
4 307 371 316 207
4 375 401 19 355
4 388 422 104 204
4 391 407 107 259
4 392 437 50 128
4 438 467 274 200
4 403 444 40 282
4 427 76 2 209
4 157 146 266 109
4 152 167 463 226
4 447 78 150 247
4 425 269 264 137
3 60 127 183
4 22 184 106 350
4 363 473 82 354
3 297 255 70
4 291 84 222 154
4 361 497 203 239
4 174 234 339 142
4 251 419 460 206
4 351 340 372 262
4 48 365 185 134
4 193 325 453 237
4 329 280 51 129
4 390 223 138 0
4 245 11 293 323
4 377 400 83 29
4 446 449 20 176
4 34 395 289 347
4 311 386 179 318
4 399 211 283 228
4 352 122 178 232
4 171 431 15 148
4 108 314 243 248
4 380 194 253 7
4 459 278 308 373
4 319 233 281 125
4 304 336 412 16
4 254 337 296 161
4 384 55 88 220
3 358 309 494
3 158 348 321
4 244 338 64 215
3 379 202 341
3 267 312 75
3 334 349 432
3 195 151 342
3 368 370 374
3 450 381 414
3 346 63 398
3 461 164 213
3 404 406 408
3 413 415 416
3 417 418 426
3 428 435 436
3 440 456 457
3 458 464 465
3 466 469 470
