1628
4 7444 6312 5231 6632
4 5583 6255 2589 8785
4 3629 5357 6584 5121
4 5416 7529 2395 1737
4 9487 8754 7710 5913
4 6404 8148 9906 2584
4 421 4386 3987 8197
4 1248 6735 9213 2861
4 9483 59 2094 9004
4 1955 6935 2196 2080
4 5515 9612 6459 8603
4 3904 3825 9383 2545
4 820 8873 7923 5796
4 6655 998 3697 1756
4 9354 8189 7569 6839
4 8437 604 2932 5905
4 5570 3626 3942 4233
4 4235 3781 7595 2718
4 8479 5616 1388 7945
4 4848 8733 1396 8407
4 7168 9131 1233 2598
4 9894 1004 7290 8991
4 9765 6823 2489 398
4 9247 5363 7792 8287
4 6196 2155 948 3015
4 4863 7262 8452 7796
4 7549 7064 44 847
4 992 1491 110 4961
4 5251 2687 8854 5042
4 1561 1287 5744 6668
4 5982 3042 3896 636
4 461 1423 3273 7936
4 9614 9295 674 3295
4 4106 6613 1385 8384
4 839 9917 5526 4685
4 2331 8284 4147 7937
4 5001 6762 6639 5427
4 7208 2212 1556 5602
4 7834 2752 4405 4185
4 7108 4644 5886 3302
4 8911 864 8775 7101
4 2459 281 9256 4670
4 3457 4449 5211 7525
4 2117 2222 2935 3765
4 2345 1729 6476 6640
4 3519 976 8612 4131
4 2096 7927 2728 3499
4 1677 6240 3176 2968
4 9620 8004 962 2061
4 854 3656 8777 8814
4 7515 7577 876 2843
4 2246 1524 5989 3715
4 9618 1081 666 973
4 3484 5214 7950 8119
4 8240 4917 3024 3149
4 7100 1101 1492 9529
4 5048 2124 4194 5052
4 8689 5791 7863 7896
4 4004 4318 7704 4574
4 7757 1013 9128 2115
4 4916 2723 7259 1210
4 9019 1114 3420 9888
4 4041 7313 5090 370
4 9965 63 9813 2064
4 3135 4631 4036 2548
4 4702 4135 7961 6170
4 9552 887 2964 4695
4 7198 8152 1707 2070
4 5918 4808 2819 684
4 2499 3272 8392 4473
4 5219 3505 7368 384
4 4100 8641 6756 752
4 2259 5713 7201 7540
4 936 8591 5773 336
4 132 5651 453 7369
4 1071 2008 6677 8636
4 4957 1341 5101 4430
4 9 49 6702 8851
4 7305 6882 5653 9129
4 7825 6381 7939 4886
4 9930 3437 8626 9344
4 2308 82 5772 2759
4 7409 8639 3940 120
4 9986 4112 9568 371
4 1830 8585 714 1146
4 6495 2558 3047 3647
4 4475 9539 7145 6550
4 7583 8250 594 1115
4 4141 5046 1734 9263
4 9795 6107 8063 7326
4 1568 4983 4322 3170
4 9267 8485 2274 2475
4 1724 2814 8115 18
4 9305 4240 7136 4406
4 8553 8338 6176 2922
4 9433 1383 4925 1671
4 3844 5904 3678 9866
4 3607 7104 5310 4940
4 9946 2862 8430 3126
4 1988 1851 443 4788
4 8010 4320 5324 9921
4 7202 3293 1164 5625
4 5592 683 9959 8837
4 3566 8058 5295 6957
4 3451 3475 2456 723
4 818 1450 1812 1742
4 5083 7819 5945 1353
4 4167 3142 5494 8116
4 4076 2727 766 4074
4 4402 1713 9690 213
4 2323 3686 5156 2085
4 7231 4655 8803 8387
4 5652 3463 7543 3096
4 2686 2736 4657 727
4 8375 3357 6580 774
4 2267 5873 1094 4374
4 8320 47 7135 3795
4 5163 2141 6038 9818
4 5931 6611 7545 2642
4 7083 2228 1934 8608
4 3114 1049 3072 7088
4 1214 7648 7516 1946
4 4550 9525 859 6129
4 8736 9196 3337 2342
4 1591 7359 3309 7196
4 8616 9528 8138 2060
4 8745 4619 5383 6252
4 1203 9063 2293 9532
4 4090 2481 4637 532
4 8079 7447 8193 8767
4 2982 3708 3689 2749
4 1418 7551 6168 3840
4 3062 4244 2628 9649
4 4509 8465 6782 4579
4 8267 1433 7643 654
4 4837 9559 780 8601
4 954 4959 3196 3542
4 4995 6558 3757 9722
4 9966 6534 6178 2544
4 1621 62 7494 9747
4 6123 2985 8286 586
4 3792 9235 71 4964
4 3106 3257 2962 4912
4 4561 7579 9119 7464
4 2828 2340 2045 3112
4 6571 4638 1763 403
4 3228 3775 2652 9527
4 5359 2726 7148 8332
4 8866 264 6481 3248
4 4044 1509 6134 7212
4 5622 7862 8997 7079
4 2351 1552 8026 8348
4 7385 4390 3376 3253
4 9106 2795 58 6147
4 3583 3869 7814 7
4 6467 4874 4480 1322
4 8187 3672 8233 4102
4 9275 5081 7445 11
4 9320 7008 7451 3155
4 6913 5096 850 5686
4 1160 8397 7026 9546
4 5006 8322 8849 7166
4 1340 3443 4259 333
4 3485 9576 4902 3379
4 9307 7715 4847 7032
4 2123 1839 8094 1351
4 3842 4352 7267 9151
4 9154 9243 7851 7673
4 9873 6927 7944 9374
4 1936 2313 4058 4284
4 2160 2243 245 6537
4 3526 676 201 3648
4 9289 2023 8721 5854
4 7953 2870 7725 4139
4 745 8167 3593 4150
4 1861 6300 7703 9341
4 2036 3950 1050 7522
4 7308 3913 4490 5729
4 8506 5136 7119 8509
4 3632 8186 2944 2203
4 1344 373 65 6914
4 8697 1136 4415 1800
4 4551 7466 8036 1231
4 7671 2674 5909 4711
4 3830 6742 7983 3885
4 3889 3002 1359 706
4 2535 9784 177 5665
4 2364 1636 6363 8253
4 7436 9871 2994 9689
4 8242 9856 6060 5609
4 1427 6313 4965 8101
4 7922 3356 6171 687
4 1364 8478 6985 4516
4 8644 9942 3899 2941
4 6989 2213 3229 4582
4 8701 7756 4151 522
4 9252 6567 778 717
4 7700 7050 6638 6329
4 9900 1998 8047 8346
4 5600 328 6777 9542
4 4331 9111 9691 7210
4 1249 7647 593 1996
4 5540 7209 1357 4351
4 8839 2095 5991 8487
4 4706 5325 7839 8625
4 915 8915 8563 251
4 9732 4498 9302 8865
4 1336 6547 5777 2305
4 9718 6058 8453 3857
4 8297 4663 4527 5839
4 797 9569 8040 1505
4 9605 67 5845 2802
4 6410 6426 1714 7629
4 1895 8477 7981 2619
4 7524 877 8056 6842
4 6309 3730 6316 8811
4 4572 7153 1096 332
4 2905 7920 5366 8259
4 6994 8614 4696 9806
4 8199 5492 5155 8200
4 6 7489 1787 2353
4 5793 3214 2162 1510
4 171 6415 8707 1476
4 2536 7330 8003 5330
4 1202 2957 8923 6662
4 6582 3496 1845 1976
4 4884 60 5593 750
4 1587 3618 6050 2817
4 5172 7316 5962 5209
4 4293 4867 9968 4557
4 9629 6738 7911 4134
4 2009 6146 4524 1361
4 5244 9778 5149 446
4 7699 188 5610 1116
4 8501 9363 6297 7344
4 7880 5170 1740 7391
4 1975 4222 2776 9550
4 1200 1140 8658 2572
4 2575 1767 5970 5074
4 3308 9514 8579 9166
4 7934 5332 3750 1711
4 8779 6602 8168 9545
4 3368 4690 103 2300
4 321 7439 3745 1684
4 5236 296 5891 3083
4 278 9250 5919 1085
4 8363 53 6540 8442
4 9340 4600 1965 767
4 6752 8702 9419 6377
4 1001 6359 9962 463
4 2245 4161 5720 6616
4 9124 565 9511 1963
4 791 3473 5758 3877
4 9585 6956 9397 6188
4 3579 2043 2592 916
4 8163 1061 1820 1717
4 5028 6666 3736 8940
4 5808 2573 257 8834
4 5649 1508 5488 7250
4 9283 5835 2282 8367
4 6981 9092 7824 8418
4 55 8548 4477 2912
4 3746 1620 1378 3516
4 3120 2920 9974 7613
4 301 3834 9626 8947
4 1673 3845 8529 8835
4 432 631 3306 385
4 4357 1228 6769 9713
4 9751 1701 4951 2055
4 3137 9366 5553 3561
4 1178 4179 4649 7677
4 6226 6144 4367 3271
4 2939 9566 7603 6336
4 5683 6419 2809 407
4 5271 3029 6296 8328
4 9365 9961 2647 6477
4 2571 8659 3870 2112
4 6384 5733 1564 4977
4 9325 8183 8990 4960
4 263 1948 1810 6656
4 3905 8081 3791 4292
4 7726 3673 1817 709
4 7748 5544 9952 1912
4 8449 9572 7972 3089
4 773 7617 3518 6627
4 8198 9843 5308 6042
4 8964 9719 4861 7567
4 2486 3944 9853 2000
4 8671 3 1483 6198
4 8609 9746 85 2627
4 4200 9265 197 5476
4 5131 3223 836 2089
4 9797 6028 3932 9078
4 2732 5875 4038 7003
4 9779 8172 1853 7103
4 6715 4521 1040 5207
4 7518 2428 8617 5899
4 4079 3978 4043 4727
4 4137 8470 9443 9123
4 7057 875 9984 3001
4 5529 2612 9276 9755
4 884 9161 7319 4307
4 6498 4870 2265 7696
4 6747 3028 8607 1889
4 4532 5849 3655 7296
4 4469 995 4617 4565
4 3997 8683 8670 5174
4 139 2600 634 9597
4 970 688 2585 844
4 9271 6110 5803 8637
4 5823 8751 6320 6577
4 5378 645 8132 6266
4 1224 8929 3769 1152
4 3557 96 8750 4871
4 7618 7861 8722 8895
4 1037 5375 7443 2566
4 1253 1526 7678 2927
4 7253 8714 4607 5559
4 513 9014 8516 7302
4 7432 9730 7536 5954
4 1681 3037 559 7978
4 1632 656 6206 7759
4 283 4474 4439 1821
4 520 9425 6149 6010
4 1923 4786 6367 7178
4 2798 6192 7870 4883
4 4093 5902 3050 9741
4 924 1883 8932 5462
4 1866 5941 5864 5998
4 1571 2221 5705 1833
4 6583 9182 5061 8466
4 2590 1712 9407 2848
4 7415 4975 8692 5785
4 5013 1073 3107 9197
4 8874 3544 730 3527
4 2488 3728 9769 3087
4 3375 6605 4555 1261
4 8468 3323 1718 7151
4 9880 8650 2877 10
4 2007 6220 846 5056
4 9849 4946 17 6856
4 3892 3853 9580 6938
4 7095 8431 1372 9426
4 5518 7155 1726 3022
4 760 174 1943 4496
4 2185 9350 4442 9895
4 464 8161 9907 1720
4 5441 208 3134 9390
4 834 1735 451 525
4 3480 1765 1856 3540
4 7215 5151 5563 2165
4 8204 3508 6578 1523
4 738 5197 9121 2937
4 1117 6342 9048 4717
4 7823 902 2716 7412
4 8653 8527 9471 2368
4 6273 9599 6757 214
4 9464 6012 9450 1430
4 9490 9168 253 3511
4 8931 1487 6526 8578
4 923 6205 6036 5017
4 1601 164 7363 3055
4 1522 1197 7463 8524
4 1260 7218 5118 5556
4 1743 9507 2952 7118
4 6256 56 1747 7278
4 1598 5776 1589 5086
4 5239 9908 7346 8247
4 597 3278 8059 9214
4 6483 2295 7558 1708
4 9359 6365 7152 117
4 6703 8673 4230 5278
4 3914 7475 5007 9246
4 8342 7499 912 211
4 6231 4865 6133 145
4 1648 5547 9165 3973
4 2836 2804 4953 33
4 6157 206 3969 8044
4 909 4933 87 7821
4 5574 2555 7740 2649
4 2516 9594 2127 6623
4 6052 151 4491 900
4 8824 2125 6721 9414
4 529 4627 7149 7238
4 3297 6531 7610 8938
4 1154 1015 5250 8606
4 1010 4774 8305 7954
4 8954 947 6645 6215
4 9135 2509 178 137
4 4361 9695 5203 7130
4 3276 7318 1876 7512
4 8293 8651 5728 3362
4 2375 4703 2872 4650
4 3531 5948 628 3674
4 1751 9920 4790 5198
4 7692 142 3167 307
4 9748 7875 1827 9499
4 7255 8956 9286 8652
4 1542 4604 1122 7041
4 9776 5446 3692 2811
4 5487 931 7888 8677
4 6680 7375 2407 5235
4 2999 4170 5627 6965
4 4671 1393 6152 6053
4 5824 9852 6794 4522
4 4011 6350 3092 2226
4 6827 8333 6741 3895
4 1311 3239 2879 1642
4 3608 3367 1234 556
4 1819 8537 5341 6389
4 1847 9588 4859 4990
4 3808 3891 2766 4187
4 960 28 6444 1484
4 172 3132 9637 6451
4 3828 2190 5513 9675
4 8648 8434 1994 4731
4 6193 7764 4054 6733
4 7624 589 6984 9703
4 1825 8032 2484 1129
4 6370 1429 289 6396
4 6436 8967 1562 9988
4 2538 7777 9382 6364
4 2490 124 5094 8043
4 236 5503 4611 3258
4 290 7542 5879 2020
4 2106 150 1884 4055
4 4656 9326 9896 3559
4 9799 4091 5371 2320
4 926 1205 4857 7204
4 147 6651 6932 5710
4 590 8134 6306 7361
4 4668 9714 9376 1056
4 2697 7884 1704 2461
4 4814 6676 8035 2854
4 5418 4692 3558 1837
4 9210 5058 5856 7175
4 489 8907 9602 5489
4 4766 7219 4720 1464
4 1877 4997 5815 2241
4 9016 7286 5644 6366
4 1440 9864 4875 7778
4 8150 4381 3924 9072
4 6155 2129 3818 4452
4 7406 5044 9976 898
4 3980 3912 8423 4636
4 362 735 7090 3145
4 3299 4926 4716 4410
4 1282 2254 8176 7733
4 8239 5548 4506 1570
4 4363 8123 1595 6557
4 5517 5035 2400 4559
4 4592 7105 8684 7990
4 3654 3945 2401 7534
4 3839 5020 1406 3322
4 5916 1930 8258 5981
4 9068 3226 2506 7818
4 1023 9650 6380 7037
4 5579 2309 4792 3553
4 9238 4089 7734 9241
4 5671 1382 6976 8597
4 7074 7382 7993 642
4 1761 6111 6228 2081
4 3567 6289 8263 8133
4 1467 7356 1181 9549
4 5449 5355 2457 1422
4 825 2765 5205 5584
4 3573 8894 7841 6076
4 6673 3906 622 480
4 1332 1723 5336 1471
4 4412 210 7966 9220
4 7374 3966 7752 3677
4 9368 5898 6102 2705
4 404 6800 1609 9530
4 7480 1922 3203 7659
4 3075 7914 2874 2954
4 8432 2907 4375 9879
4 9456 4858 9726 2134
4 2343 2389 6778 9468
4 4823 4478 6849 2398
4 4887 6857 4639 6514
4 6361 5178 7785 7419
4 8019 6490 2381 1021
4 3104 5551 3718 2091
4 2672 9761 6326 5457
4 9667 300 3991 7454
4 2462 3244 9561 6628
4 3704 5633 7010 8682
4 835 3617 5794 2565
4 6466 7249 8562 1529
4 7943 9361 7530 7230
4 5813 6870 6705 3882
4 3582 2024 5896 6340
4 8889 8715 9848 358
4 5832 5869 9684 7526
4 7770 3153 4771 8143
4 6784 9192 4026 6202
4 1445 8861 4573 8833
4 396 8845 8425 2006
4 2806 4066 2887 4989
4 7186 3983 6585 9122
4 8823 7877 635 3428
4 7594 3691 297 3802
4 1512 198 4064 5389
4 3352 9631 5461 9971
4 5901 5380 7917 620
4 6208 3749 1888 5724
4 648 2191 737 2260
4 8299 1090 9143 1874
4 534 4126 3498 5530
4 1952 5255 3136 5615
4 7013 804 6016 1584
4 5865 9922 8241 9453
4 7876 7683 6731 7426
4 1886 6160 6649 7956
4 4202 4907 9183 9221
4 8325 32 4467 4704
4 4659 5657 8746 3031
4 540 4904 3985 4661
4 359 9802 7689 1100
4 512 1507 45 1179
4 5947 5531 8519 4419
4 7596 4640 7662 7413
4 6443 149 6724 3563
4 9062 1347 2924 6421
4 711 1822 4124 313
4 3564 2167 3188 9173
4 9091 3011 4208 6574
4 9734 2277 6264 8632
4 9828 170 9429 4725
4 678 6648 5908 6873
4 3811 4495 0 6184
4 6700 7220 7970 2707
4 7768 2148 6243 8027
4 9868 4465 8376 9583
4 2198 6446 7964 3595
4 689 8679 5164 1256
4 5756 8712 8196 9328
4 7592 7386 4514 1533
4 7731 3694 8264 6685
4 8276 2062 3894 9752
4 849 5047 6553 6203
4 5085 2783 1047 1400
4 6811 3724 6248 9043
4 9096 9459 6015 7984
4 611 2467 2495 7425
4 3020 1908 9891 9987
4 3121 5166 6522 4708
4 5939 6637 5522 6834
4 4335 6681 9606 3422
4 4949 7633 4016 3371
4 5277 7975 9299 7509
4 6903 9978 7424 1174
4 8517 9996 8908 8752
4 1044 1157 1199 4511
4 6596 4340 6351 6659
4 6713 9222 5040 5362
4 6942 3681 541 4992
4 8006 8801 1569 7727
4 9716 2278 8898 5474
4 7116 4215 2875 2296
4 471 2337 433 1593
4 1339 3129 5920 5836
4 6528 4879 5467 9523
4 8711 1411 1616 8863
4 708 39 7521 4943
4 1106 3641 7384 7809
4 3127 6017 8210 8160
4 9573 1159 3339 5566
4 9038 9633 6719 8413
4 562 3517 4052 2983
4 7221 5721 514 6022
4 5173 4456 204 8202
4 8222 6478 9721 2702
4 9836 4206 8696 5451
4 146 8153 3760 7310
4 1840 7500 9486 968
4 8238 355 5536 6492
4 4286 2025 2601 2120
4 6246 8667 2159 5763
4 8919 3105 6726 8828
4 5496 5730 608 465
4 4773 6988 4057 8864
4 6112 889 2437 3004
4 2367 6280 8139 6275
4 1768 8336 5860 5240
3 1036 4188 4958
3 8810 70 1062
3 1012 919 3809
3 1409 240 4116
3 2785 4742 8977
3 2329 3596 9028
3 3330 6864 8031
3 4092 530 5872
3 6051 1668 956
3 7751 955 7614
3 8876 7555 8089
3 9995 4228 8137
3 234 1843 3311
3 1321 6263 1330
3 9993 5606 2102
3 5951 270 9398
3 3657 131 5368
3 3926 7397 1640
3 4801 9935 978
3 6960 430 1535
3 9269 5751 500
3 9418 8215 7694
3 431 2746 9187
3 456 7729 5233
3 5082 9519 3939
3 6576 6008 5245
3 7924 1750 3412
3 6963 2892 1318
3 9768 2661 2786
3 97 6097 4301
3 5676 2604 9047
3 1939 439 5986
3 2762 9699 1426
3 2949 9201 4534
3 4046 6698 1502
3 6964 9584 4942
3 7995 9767 8401
3 9332 2514 3956
3 78 9538 6448
3 2891 3318 5191
3 673 1475 2074
3 1259 8435 4221
3 1744 2632 7663
3 4399 9564 5666
3 2977 9431 2772
3 4796 5208 2713
3 2193 9656 5157
3 6890 6565 5482
3 7170 3590 6835
3 1980 7991 885
3 1796 7407 4000
3 2694 183 2028
3 6824 2207 3972
3 6844 8180 9075
3 7457 8822 37
3 136 2595 8454
3 9198 2610 1961
3 1649 8326 5752
3 2399 4104 6809
3 3280 6887 86
3 6137 3344 7554
3 8383 4238 7586
3 9086 5732 1279
3 6852 5829 4747
3 9413 7410 7994
3 1983 4502 8568
3 4387 4635 2669
3 4777 9855 5994
3 6121 6197 756
3 3060 24 6463
3 7674 2881 4783
3 7881 6302 7724
3 7895 2953 2469
3 8037 1546 8252
3 8859 1755 3364
3 457 458 372
3 2297 3822 1519
3 7461 1538 6959
3 7471 4595 9137
3 9036 6450 8314
3 487 3543 6175
3 602 8900 9094
3 8815 9083 1694
3 4248 2608 5168
3 4400 2903 4339
3 5897 7362 1220
3 7357 4434 6761
3 4798 4596 9944
3 335 2149 462
3 2210 9887 1371
3 2596 2072 7206
3 3141 392 8093
3 3951 7094 9215
3 2033 9600 8930
3 5024 6311 7812
3 8486 8903 2741
3 6915 7387 1536
3 8766 4549 6506
3 9035 3212 1453
3 221 3021 4504
3 801 3347 4358
3 2956 40 4069
3 3875 640 4031
3 9114 7859 3887
3 6161 3651 5066
3 9838 4994 5181
3 1161 168 615
3 1678 6095 8028
3 1688 3789 1381
3 2837 2412 8022
3 5628 4982 4097
3 7320 6972 4359
3 6818 7078 9651
3 6925 4877 4839
3 7602 802 842
3 7889 2059 840
3 6332 9709 725
3 6148 8663 644
3 6232 9820 511
3 502 2307 9009
3 4314 4311 5106
3 325 6046 9540
3 2683 6229 9595
3 2578 2859 4688
3 4291 8438 5128
3 5125 8543 4488
3 6328 9394 4567
3 6944 639 6569
3 7557 6473 1009
3 9578 6291 8737
3 8353 9446 3370
3 343 726 3841
3 6471 3012 402
3 6352 1959 8447
3 2101 7581 2950
3 5817 8576 229
3 7800 4689 1869
3 5190 1043 1778
3 8426 9015 7971
3 4030 5959 8804
3 613 7395 1165
3 6258 5631 9489
3 5558 4099 3743
3 7850 4736 1549
3 2685 5882 3679
3 5719 6353 9659
3 68 9227 1807
3 793 7423 1377
3 848 6725 3235
3 293 8643 7803
3 6034 8256 467
3 8950 1080 7631
3 7960 953 6952
3 2898 3123 8177
3 4173 7314 3903
3 4922 9957 7697
3 3555 305 7742
3 4855 1031 252
3 4880 579 2169
3 6315 7532 3793
3 7959 31 2304
3 152 3747 4723
3 20 1167 7132
3 1270 2527 6746
3 8398 6452 6563
3 3515 76 3509
3 3698 4969 153
3 5443 5850 3052
3 5881 6225 9475
3 7430 4451 4811
3 9892 9260 6479
3 477 2144 7176
3 860 6003 57
3 2164 5212 2137
3 2215 8097 4298
3 83 740 6357
3 3396 8571 3665
3 4047 6922 5863
3 7666 1892 2242
3 8629 9274 9280
3 346 9678 6699
3 2929 4750 7713
3 3621 193 2002
3 568 1201 9105
3 395 5146 4267
3 5950 6674 6005
3 6127 5422 393
3 7496 1586 937
3 414 6189 4787
3 1953 2232 3146
3 2019 2432 2799
3 2358 4155 7036
3 2629 3233 6104
3 1979 4279 3761
3 4078 7951 9524
3 13 5672 34
3 4246 2472 5026
3 4554 5346 1416
3 7906 8206 9830
3 8212 949 3902
3 9337 4249 554
3 3581 8821 1276
3 3246 7024 6210
3 3449 6544 7194
3 4662 4679 1590
3 6740 2533 2824
3 8355 7804 9065
3 7565 8456 9157
3 868 1504 7813
3 1084 1194 3161
3 1286 2751 9223
3 1650 3261 444
3 2531 2634 9526
3 3482 6244 23
3 3504 3838 4767
3 7632 739 5731
3 5895 16 7653
3 9313 2668 3911
3 1516 4537 4856
3 1793 8229 1369
3 2671 3263 9251
3 3431 3773 6270
3 3806 5714 2529
3 4653 6630 1032
3 5200 7743 3332
3 5387 8675 1118
3 6962 1250 9680
3 7236 1532 9333
3 8498 6664 9458
3 9294 2047 4328
3 9543 1514 9958
3 982 1527 4501
3 2303 3174 2442
3 3930 6294 7018
3 4176 7490 7963
3 4398 5401 8277
3 5161 4245 649
3 9234 9496 9488
3 8440 9635 8201
3 9692 3316 4841
3 9810 675 8642
3 1296 4623 6510
3 1452 1891 7849
3 1986 4001 6920
3 4578 4892 5373
3 4914 6245 7150
3 5237 6828 6494
3 6612 2264 3880
3 7559 1618 3407
3 7252 2712 3125
3 8952 499 6693
3 9551 1027 8289
3 1606 2143 8729
3 2422 3513 9022
3 3824 4935 5175
3 4713 5834 5043
3 5059 6430 7826
3 5199 5980 4898
3 8965 413 7197
3 6744 6822 4164
3 8179 9085 4095
3 8654 8986 3099
3 4144 4775 3748
3 9711 365 5769
3 225 459 4447
3 858 7622 7828
3 8727 4826 9002
3 4605 5641 8897
3 6093 9149 8235
3 7761 2328 7237
3 8067 4407 123
3 8918 30 8981
3 9858 3570 9181
3 115 5400 3274
3 3147 7957 8593
3 5097 9272 185
3 6604 7418 4562
3 8808 1058 8567
3 9655 1806 9985
3 1898 2335 1669
3 1951 2402 8108
3 3547 6130 2235
3 6118 6846 94
3 6600 8382 5471
3 7600 4156 4694
3 2388 9611 3355
3 9624 1978 7665
3 576 1110 7721
3 1132 6766 7899
3 1865 5098 6851
3 2570 2946 7190
3 4482 4558 2220
3 5831 8472 7085
3 6002 6323 6727
3 6126 8756 6899
3 6398 2205 5077
3 6590 8978 4197
3 7048 4325 4546
3 9073 2466 4804
3 1639 2046 9771
3 2240 4840 3587
3 5442 7273 8734
3 6078 6090 7315
3 6472 7127 7868
3 6669 8806 3883
3 6993 8340 2333
3 7247 8753 9338
3 7616 8393 2591
3 8388 896 1754
3 9927 2582 6711
3 473 1288 5019
3 1835 5505 7329
3 3078 5041 6304
3 3615 5944 8372
3 4489 7693 419
3 5812 6524 7634
3 6223 7805 7460
3 8129 8572 1848
3 9613 9745 5621
3 9859 160 516
3 899 2911 1849
3 1266 5323 101
3 1271 1774 6560
3 2105 2294 22
3 2216 6774 3884
3 3506 143 3324
3 4564 1313 9003
3 8640 2549 4172
3 1137 1192 2199
3 1212 3878 1086
3 2234 2730 5140
3 3265 7275 5276
3 3664 5800 6356
3 5189 5613 9013
3 5460 6697 2136
3 5702 6739 2754
3 6671 6990 9877
3 7815 9948 1653
3 8573 9603 8996
3 2237 4308 2793
3 3038 4312 8994
3 3281 3933 7491
3 3439 6803 5134
3 4746 3402 7686
3 7121 7123 6064
3 8021 9134 6581
3 417 558 2453
3 753 1461 6023
3 906 1699 9029
3 2390 2781 4255
3 3097 3578 4196
3 3849 5397 3782
3 4217 7931 550
3 5171 9261 9194
3 5268 9679 2289
3 6063 8773 1170
3 9744 2417 5598
3 381 1127 1488
3 796 1480 4599
3 1656 2268 5253
3 2016 2852 5426
3 3873 4918 1624
3 4136 4818 8411
3 4394 5903 6035
3 5234 6831 1093
3 5523 9230 2775
3 6414 6595 7510
3 6636 1783 2951
3 8084 9844 219
3 8716 159 2621
3 9008 2444 8049
3 472 828 6520
3 1172 3817 5246
3 2406 3131 3888
3 3381 3491 4678
3 4613 4630 8166
3 6096 6132 7400
3 6261 7233 7786
3 7117 8793 279
3 8316 8464 8759
3 8789 9759 893
3 9901 217 610
3 133 1404 2731
3 845 2068 4910
3 1627 1665 3965
3 1814 2334 3300
3 1867 1985 6529
3 3262 4094 8987
3 3334 3442 5966
3 3783 5736 6432
3 5770 6227 8633
3 6373 7788 1801
3 6517 6953 2065
3 7309 7684 1221
3 7903 8539 3401
3 8618 218 1781
3 1208 2281 4487
3 1836 2711 4193
3 2554 2987 3312
3 3445 3584 669
3 3721 4088 4932
3 3744 5391 8165
3 4479 5313 9575
3 5398 7969 6812
3 5577 5917 9535
3 5586 9502 1904
3 5972 7501 2722
3 6180 990 1716
3 7925 9534 2750
3 401 1899 5132
3 651 3927 4894
3 1184 3862 6417
3 1646 5104 8665
3 3539 5064 6586
3 5370 545 3076
3 7110 7675 7898
3 7371 9200 2376
3 7388 89 1638
3 7980 2464 2947
3 9660 934 2184
3 1292 3947 7502
3 2326 3929 4628
3 3085 3216 9882
3 3124 4529 249
3 3411 4538 5594
3 4428 7289 144
3 4544 5599 771
3 4981 7672 2173
3 5481 8638 3017
3 7065 9770 1130
3 7695 292 8842
3 8694 757 1935
3 9754 163 1928
3 9846 977 6770
3 9941 1299 7907
3 827 1683 5345
3 2087 2560 7043
3 3424 3521 6259
3 3807 6405 9356
3 4669 5511 8015
3 7664 7902 8525
3 8268 8584 2990
3 8934 9209 2057
3 9156 304 6958
3 207 930 7177
3 894 1120 1469
3 1138 1870 4833
3 2022 2050 2480
3 2463 2835 3580
3 2567 6068 7744
3 3115 4163 8732
3 5122 6307 157
3 6409 6973 241
3 6497 6805 6331
3 7096 9670 4842
3 7608 9140 316
3 9089 199 5429
3 288 7553 643
3 618 691 1331
3 1209 2011 4882
3 3313 3610 3941
3 4149 7223 7274
3 4553 4646 728
3 5804 7134 7962
3 7014 8709 8776
3 8273 865 3893
3 8853 9860 2179
3 9785 3353 7640
3 287 2227 1277
3 356 4392 5192
3 2564 4337 8502
3 3178 4948 5514
3 3186 3541 5725
3 6301 6541 1227
3 6425 7163 7544
3 6897 8298 9179
3 7216 7642 9225
3 7878 8886 9152
3 8068 8409 1574
3 9491 108 616
3 819 862 1958
3 1652 2418 4468
3 1841 4789 5182
3 1971 3006 4714
3 2288 2805 5329
3 3753 4355 8645
3 4226 5060 5578
3 5206 5254 5663
3 5550 6513 7019
3 5718 7229 9647
3 6213 8870 1809
3 6387 6904 9367
3 7298 7546 1495
3 7795 186 2563
3 8534 9406 733
3 9100 9863 867
3 9710 425 2163
3 784 3425 3536
3 2239 4508 4598
3 2841 4143 5848
3 3438 3798 5424
3 4634 5658 7948
3 5534 5612 9553
3 5741 6796 347
3 5825 6087 8141
3 5952 7087 800
3 6629 8310 8941
3 6814 9172 9617
3 8740 769 1376
3 9232 9329 348
3 9870 1563 3712
3 9885 378 1479
3 226 1700 5958
3 1615 1661 2318
3 2201 2435 3209
3 2344 4693 4791
3 2577 2689 6620
3 3208 5573 6484
3 3812 5510 7091
3 5611 8564 9570
3 5771 9423 9590
3 7349 9582 789
3 7556 128 1099
3 9158 383 719
3 189 2152 4290
3 1403 4403 415
3 1685 3917 4518
3 4726 6748 7365
3 4906 6125 7441
3 4986 7333 7799
3 6253 8309 9314
3 7434 8103 9876
3 8321 9555 441
3 8771 9346 1235
3 9862 958 1949
3 349 1196 4709
3 633 1494 3213
3 1131 1788 4211
3 1909 2451 2586
2 2012 5183
2 2470 4939
2 5294 5316
2 5409 6917
2 6692 7758
2 6701 7140
2 7060 7580
2 7459 7541
2 7835 8493
2 7946 8086
2 8064 9954
2 8347 863
2 9205 703
2 9819 203
2 291 361
2 831 1188
2 1119 1180
2 1230 1284
2 1679 1799
2 1868 2878
2 1993 2382
2 2356 2550
2 3327 3784
2 3859 5343
2 3860 4996
2 3949 5148
2 5379 8686
2 6279 6456
2 6457 8080
2 8282 8960
2 8379 9737
2 9323 4
2 280 693
2 388 405
2 509 782
2 935 1335
2 1105 2384
2 1323 1611
2 1732 1818
2 2035 2483
2 2498 4621
2 3247 3821
2 5410 6843
2 5694 7507
2 5779 8406
2 7479 7669
2 7807 7965
2 8412 227
2 8726 9372
2 8875 1046
2 9999 200
2 258 1111
2 268 2324
2 922 1074
2 1133 2378
2 1135 2789
2 2579 3394
2 3787 4254
2 4330 4344
2 4632 4633
2 4664 4675
2 4734 4950
2 5051 5833
2 5699 6085
2 6233 7307
2 6407 8970
2 7251 318
2 7753 8784
2 8410 8985
2 8955 9102
2 9663 662
2 9807 376
2 811 983
2 1029 1553
2 1987 2086
2 2311 2373
2 2386 2405
2 2541 2942
2 3292 4107
2 3386 3639
2 3389 3922
2 4461 4979
2 5356 6500
2 5844 5977
2 6635 7791
2 6983 8523
2 7667 8461
2 8791 9636
2 9604 342
2 9701 9724
2 9742 173
2 491 741
2 794 2030
2 2410 2508
2 2676 2715
2 3199 3385
2 3827 4425
2 4371 7322
2 5005 5177
2 5327 6158
2 6371 6434
2 7092 7399
2 8164 8602
2 8374 8491
2 8731 9162
2 9148 9186
2 9533 9557
2 9632 621
2 9644 9717
2 409 872
2 1534 1918
2 1992 2883
2 2825 3008
2 3756 3819
2 3866 4220
2 4273 4369
2 4810 5413
2 5187 5266
2 5885 6242
2 6254 6420
2 6647 7627
2 7340 7820
2 7706 7992
2 8136 8872
2 8725 821
2 9342 9773
2 69 917
2 148 984
2 195 1206
2 1045 1329
2 1063 1415
2 1439 2934
2 1554 1705
2 1897 1969
2 2747 3225
2 3267 3799
2 3794 3935
2 4323 4978
2 4435 4651
2 5073 5210
2 5399 5643
2 5957 6678
2 7069 8857
2 7228 7636
2 7712 7832
2 9282 312
2 9609 435
2 9977 483
2 437 605
2 508 652
2 901 1610
2 1731 2172
2 2166 2427
2 2503 3058
2 2803 2873
2 2884 3144
2 3227 3466
2 3474 4237
2 3620 4260
2 4032 4103
2 4214 4356
2 4535 5045
2 4807 5167
2 5265 5361
2 5470 7165
2 5840 5853
2 5883 6234
2 5979 6480
2 6174 6499
2 7033 7243
2 7093 7393
2 7264 7938
2 7276 7736
2 7408 8613
2 7547 9963
2 8728 8879
2 8758 194
2 9159 9327
2 9362 1654
2 179 2330
2 987 2425
2 1305 2996
2 2500 3636
2 4224 5350
2 4372 4758
2 4822 4860
2 5340 5745
2 5508 6077
2 6654 6841
2 6675 6901
2 7097 7172
2 7416 7588
2 7793 8142
2 7915 8395
2 8507 8535
2 8570 8778
2 8770 9070
2 8780 9011
2 9775 9787
2 9822 111
2 118 184
2 192 209
2 303 1142
2 596 2170
2 2206 3476
2 2556 3082
2 2769 3530
2 3879 4891
2 3984 4732
2 4577 6853
2 4890 4972
2 6187 7059
2 7427 7789
2 7639 8144
2 8117 8311
2 8786 9749
2 8877 9380
2 9415 729
2 478 482
2 1614 1728
2 1831 2520
2 3044 3189
2 3777 4175
2 4285 4376
2 5067 7086
2 5107 5557
2 5279 6128
2 6141 7098
2 7561 7856
2 7578 7883
2 7942 8038
2 8114 8961
2 8224 8405
2 8361 8417
2 8975 9264
2 9218 9571
2 9421 9931
2 121 274
2 230 908
2 1485 1695
2 1517 2512
2 1972 2771
2 2485 2808
2 2812 4523
2 2974 3716
2 3493 3717
2 3727 4952
2 4724 5747
2 5696 6614
2 5906 5993
2 5983 6902
2 6156 6308
2 6411 7075
2 7590 7741
2 8061 8244
2 8135 9556
2 8272 9436
2 156 1350
2 781 1496
2 1625 3685
2 2039 2098
2 4232 4470
2 4699 4899
2 5483 6177
2 5504 6682
2 6559 7077
2 6720 6833
2 6937 7045
2 7187 7483
2 7606 7847
2 8002 8462
2 8009 256
2 8075 8530
2 9031 9793
2 61 311
2 424 507
2 574 833
2 1177 1226
2 1283 1937
2 1749 2110
2 2271 2272
2 2532 2602
2 2827 3635
2 4063 4098
2 4333 4845
2 5213 5304
2 5533 5727
2 5617 5870
2 6265 6429
2 6428 6545
2 6607 7730
2 7017 7864
2 8011 8045
2 8110 8561
2 8220 8542
2 8500 9736
2 8698 8797
2 8880 81
2 9126 428
2 682 866
2 795 1006
2 1171 1326
2 1501 1513
2 1634 1753
2 1696 1917
2 1804 1984
2 2231 2298
2 2447 3023
2 2657 4297
2 3053 3059
2 3108 3690
2 3307 4427
2 4440 5158
2 4588 4876
2 4913 5023
2 4966 4980
2 5260 5262
2 5377 5382
2 5783 5938
2 6026 7248
2 6971 7404
2 7068 8494
2 7337 7533
2 7550 8556
2 8159 8635
2 8868 9301
2 9357 9686
2 9457 406
2 9498 803
2 538 1166
2 903 1622
2 959 1703
2 1789 2252
2 3268 3993
2 3469 5480
2 4262 4305
2 5008 5754
2 5907 6551
2 6075 6293
2 6539 6998
2 7022 7138
2 7030 7292
2 7139 7367
2 7682 7711
2 7830 7833
2 7929 8190
2 8441 8473
2 8850 8924
2 9007 9296
2 9521 9910
2 9932 182
2 1275 1762
2 1307 2583
2 1932 2357
2 2310 2393
2 2673 3266
2 2900 3361
2 3205 4591
2 3534 3846
2 4770 5472
2 5585 5910
2 5632 6021
2 6098 6237
2 6257 8555
2 6412 6617
2 7067 7584
2 7453 7514
2 8592 8968
2 9823 658
2 603 668
2 1149 1191
2 1824 2138
2 2645 3286
2 3154 3416
2 3705 4060
2 3854 3963
2 4019 4048
2 4283 4453
2 4793 4893
2 4830 4923
2 4843 5693
2 4851 5010
2 5281 5900
2 5926 6848
2 6393 6519
2 6533 6799
2 6859 7102
2 7129 7688
2 7281 9042
2 7523 9577
2 9044 9698
2 9548 25
2 224 275
2 341 452
2 698 1190
2 921 1612
2 1770 1878
2 2026 2385
2 2546 2664
2 2899 3382
2 2928 2961
2 3169 3810
2 3591 3994
2 3611 3803
2 4236 4911
2 4571 5100
2 5430 6222
2 5640 6040
2 6454 6643
2 6961 7574
2 7000 8001
2 7071 7985
2 7658 9297
2 8085 8541
2 9189 9411
2 9311 27
2 9861 238
2 9914 54
2 319 468
2 526 582
2 659 746
2 886 972
2 1302 2153
2 1775 2656
2 2280 2662
2 2709 3454
2 3523 3619
2 3696 4009
2 3719 3990
2 4691 5809
2 5538 5838
2 5828 6119
2 6031 6185
2 6195 6334
2 6290 7852
2 6509 6592
2 6862 6923
2 7782 7890
2 8000 8231
2 8334 9146
2 8554 9059
2 9101 9229
2 9204 9270
2 9554 180
2 9972 412
2 999 1134
2 1316 1777
2 1667 1873
2 2038 2980
2 2525 3156
2 3413 3754
2 4209 4821
2 4525 5386
2 5549 5635
2 6199 6516
2 6283 6391
2 6491 6772
2 6850 7504
2 7011 8109
2 7261 7488
2 8034 9024
2 8118 9825
2 9720 379
2 9933 422
2 573 1087
2 1237 1725
2 1308 2010
2 1880 2154
2 2758 3645
2 3383 3843
2 4034 4252
2 4132 4520
2 4174 4556
2 4581 4987
2 4705 5257
2 5014 5227
2 5697 5778
2 5859 6163
2 5949 6792
2 7222 8098
2 8318 8546
2 8344 8508
2 8757 9336
2 9150 9400
2 154 533
2 360 583
2 911 1290
2 986 1374
2 1401 1664
2 1915 1964
2 2431 2733
2 2706 2858
2 3201 3628
2 3340 3643
2 3546 4062
2 3788 4438
2 4976 5049
2 5029 5108
2 5153 5342
2 5406 5466
2 5527 5539
2 5619 5820
2 6631 7005
2 7042 7822
